[rospy.client][INFO] 2021-05-09 10:50:11,248: init_node, name[/cmd_pub_right], pid[2749]
[xmlrpc][INFO] 2021-05-09 10:50:11,248: XML-RPC server binding to 0.0.0.0:0
[xmlrpc][INFO] 2021-05-09 10:50:11,249: Started XML-RPC server [http://shang:41393/]
[rospy.impl.masterslave][INFO] 2021-05-09 10:50:11,249: _ready: http://shang:41393/
[rospy.init][INFO] 2021-05-09 10:50:11,251: ROS Slave URI: [http://shang:41393/]
[xmlrpc][INFO] 2021-05-09 10:50:11,251: xml rpc node: starting XML-RPC server
[rospy.registration][INFO] 2021-05-09 10:50:11,251: Registering with master node http://localhost:11311
[rospy.init][INFO] 2021-05-09 10:50:11,351: registered with master
[rospy.core][INFO] 2021-05-09 10:58:20,099: signal_shutdown [signal-2]
[rospy.impl.masterslave][INFO] 2021-05-09 10:58:20,113: signal-2
[rospy.core][INFO] 2021-05-09 10:58:20,245: signal_shutdown [atexit]
[rospy.client][INFO] 2021-05-09 10:58:24,049: init_node, name[/cmd_pub_right], pid[5277]
[xmlrpc][INFO] 2021-05-09 10:58:24,049: XML-RPC server binding to 0.0.0.0:0
[xmlrpc][INFO] 2021-05-09 10:58:24,050: Started XML-RPC server [http://shang:45481/]
[rospy.impl.masterslave][INFO] 2021-05-09 10:58:24,050: _ready: http://shang:45481/
[rospy.init][INFO] 2021-05-09 10:58:24,052: ROS Slave URI: [http://shang:45481/]
[rospy.registration][INFO] 2021-05-09 10:58:24,052: Registering with master node http://localhost:11311
[xmlrpc][INFO] 2021-05-09 10:58:24,052: xml rpc node: starting XML-RPC server
[rospy.init][INFO] 2021-05-09 10:58:24,152: registered with master
[rospy.core][INFO] 2021-05-09 11:01:19,527: signal_shutdown [signal-2]
[rospy.impl.masterslave][INFO] 2021-05-09 11:01:19,541: signal-2
[rospy.core][INFO] 2021-05-09 11:01:20,160: signal_shutdown [atexit]
